

OUTPUT:
DATE:Fri Nov 21 10:55:20 IST 2014


Your Hostname is:	weboniselab
OS with version:	Linux 3.13.0-39-generic
path of home directory:	/home/webonise
Users logged in:	webonise webonise
Your Groups are:	[webonise adm cdrom sudo dip plugdev lpadmin sambashare]
List of files in home and subdirectories:

HNAME
make_public_html~
my_OS
my_OS~
rename_files
rename_files~
rename_X_files
rename_X_files~
Unix_Assignment.log
Unix_Assignment.log~
Unix_commandsForMongoDB
Unix_commandsForMongoDB~
Unix_examples.desktop
Unix_Few_Points_On_MongoDB
Unix_Few_Points_On_MongoDB~
Unix_grid.html~
Unix_gridplay.js
Unix_gridplay.js~
Unix_MongoAssignmentSchema_Ketan
Unix_my_home
Unix_my_home~
Unix_my_hostname~
Unix_my_OS
Unix_my_OS~
Unix_my_script~
Unix_outputenamedRENAMED1.TXT~
Unix_skype-ubuntu-precise_4.3.0.37-1_i386.deb
graph.js
graph.js~
grid.html
gridplay.js
JS_Assigment_Ketan.zip
MongoAssignmentSchema_Ketan
MongoAssignmentSchema_Ketan~
test2.html
test2.html~
binding.rb
class.smtp.php
College.java
GetProgrammingLanguage.class
GetProgrammingLanguage.java
IndentFile.class
IndentFile.java
myClass.php
Student.java
Assignment1Backup.zip
Assignment
1_Ketan.zip
Assignment1.zip
Assignment2a.dia
Assignment2.dia
Assignment2.dia.autosave
Assignment3.dia
Demo.class
Demo.java
Diagram1.dia
Diagram1.dia.autosave
ketan.zip
Problem
Statement.odt
Requirements.odt
Screenshot
from
2014-11-12
21_52_51.png
ShowProgrammingLanguage.java
style2.css
style2.css~
test.html
test.html~
binding.rb
myClass.php
Student.java
binding.rb
GetProgrammingLanguage.class
myClass.php
binding.rb
GetProgrammingLanguage.java
myClass.php
GetProgrammingLanguage.class
GetProgrammingLanguage.class
IndentFile.class
group_schema_design.png
Individual_schema.png
pivotTable
pivotTable~
SQL_Assignment_view
SQL_Assignment_view~
index.html
style.css
background.png
leftmenu_bottom.png
leftmenu_link.png
leftmenu_top.png
link_background.png
main_back.png
main_bottom.png
main_top.png
preview.jpg
binding.rb
class.smtp.php
College.java
myClass.php
myClass.php~
Student.java
Assignment1Backup.zip
Assignment1.zip
binding.rb
myClass.php
Student.java
binding.rb
GetProgrammingLanguage.class
myClass.php
binding.rb
GetProgrammingLanguage.java
myClass.php
binding.rb
myClass.php
Student.java
GetProgrammingLanguage.class
GetProgrammingLanguage.java
My.uml
My.uml
index.html
index.html~
style2.css
graph.js
graph.js~
index.html
index.html~
style.css
gridplay.js
2f5c4dc.jpg
Assignment3.dia
Assignment3.png
graph.js
graph.js~
grid.html
grid.html~
gridplay.js~
grid.txt
grid.txt~
rgb-revised.pdf.pdf
skype-ubuntu-precise_4.3.0.37-1_i386.deb
style.css~
test.html~
updatedgridplay.zip
index.html
index.html~
style2.css
graph.js
graph.js~
index.html
style.css
gridplay.js
javaFile2.png
javaFile.png
phpFile.png
rubyFile.png
README.md
binding.rb
class.smtp.php
College.java
GetProgrammingLanguage.class
GetProgrammingLanguage.java
IndentFile.class
IndentFile.java
myClass.php
Student.java
Assignment2.dia
Assignment3.dia
ProblemStatement.odt
Requirements.odt
group_schema_design.png
Individual_schema.png
pivotTable
SQL_Assignment_view
commandsForMongoDB
Few_Points_On_MongoDB
MongoAssignmentSchema_Ketan
index.html
index.html~
style2.css
graph.js
graph.js~
index.html
index.html~
style.css
gridplay.js
Assignment.log
demo2.txt
demo.txt
make_public_html
make_public_html~
rename_files
rename_files~
rename_X_files
rename_X_files~
view_hostname
view_hostname~
x_starting_file2.txt
x_starting_file.txt


Files Renamed on Mon Nov 24 12:23:01 IST 2014 

New File Names: 
demo2.txt
renamed
as
demo2_RENAMED.txt
demo.txt
renamed
as
demo_RENAMED.txt
x_starting_file2.txt
renamed
as
x_starting_file2_RENAMED.txt
x_starting_file.txt
renamed
as
x_starting_file_RENAMED.txt


Files Renamed on Mon Nov 24 12:33:05 IST 2014 

New File Names: 
demo2.txt
renamed
as
demo2_RENAMED.txt
demo.txt
renamed
as
demo_RENAMED.txt
x_starting_file2.txt
renamed
as
x_starting_file2_RENAMED.txt
x_starting_file.txt
renamed
as
x_starting_file_RENAMED.txt
